-Xajruntimetarget:1.5
-Xlint:ignore
-1.7
-encoding
UTF-8
-showWeaveInfo
-source
1.7
-target
1.7
-verbose
-classpath
C:\Users\cdsl\.m2\repository\org\aspectj\aspectjrt\1.9.7\aspectjrt-1.9.7.jar;C:\Users\cdsl\.m2\repository\org\aspectj\aspectjweaver\1.9.7\aspectjweaver-1.9.7.jar;C:\Users\cdsl\Desktop\Programming\java\tictactoe\target\classes
-d
C:\Users\cdsl\Desktop\Programming\java\tictactoe\target\classes
-s
C:\Users\cdsl\Desktop\Programming\java\tictactoe\target\generated-sources\aspectj-maven-plugin
C:\Users\cdsl\Desktop\Programming\java\tictactoe\src\main\java\com\aop\Board.java
C:\Users\cdsl\Desktop\Programming\java\tictactoe\src\main\java\com\aop\Main.java
C:\Users\cdsl\Desktop\Programming\java\tictactoe\src\main\java\com\aop\Referee.java
